<?xml version="1.0" encoding="UTF-8"?>
<testsuite xmlns:xsi="http://www.w3.org/2001/XMLSchema-instance" xsi:noNamespaceSchemaLocation="https://maven.apache.org/surefire/maven-surefire-plugin/xsd/surefire-test-report-3.0.xsd" version="3.0" name="com.seven.delivr.DelivrApiApplicationTests" time="26.376" tests="1" errors="0" skipped="0" failures="0">
  <properties>
[...]
</properties>
  <testcase name="contextLoads" classname="com.seven.delivr.DelivrApiApplicationTests" time="1.293">
    <system-out><![CDATA[19:36:34.344 [main] INFO org.springframework.test.context.support.AnnotationConfigContextLoaderUtils -- Could not detect default configuration classes for test class [com.seven.delivr.DelivrApiApplicationTests]: DelivrApiApplicationTests does not declare any static, non-private, non-final, nested classes annotated with @Configuration.
19:36:34.604 [main] INFO org.springframework.boot.test.context.SpringBootTestContextBootstrapper -- Found @SpringBootConfiguration com.seven.delivr.DelivrApiApplication for test class com.seven.delivr.DelivrApiApplicationTests
19:36:35.046 [main] INFO org.springframework.boot.devtools.restart.RestartApplicationListener -- Restart disabled due to context in which it is running
 _______  _______  _______  _        _______
(  ____ )(  ___  )(  ___  )| \    /\(  ____ \
| (    )|| (   ) || (   ) ||  \  / /| (    \/
| (____)|| |   | || |   | ||  (_/ / | (_____
|     __)| |   | || |   | ||   _ (  (_____  )
| (\ (   | |   | || |   | ||  ( \ \       ) |
| ) \ \__| (___) || (___) ||  /  \ \/\____) |
|/   \__/(_______)(_______)|_/    \/\_______)

2024-11-16T19:36:35.920+01:00  WARN 11220 --- [           main] ory$DuplicateJsonObjectContextCustomizer : 

Found multiple occurrences of org.json.JSONObject on the class path:

	jar:file:/C:/Users/DREEK/.m2/repository/com/vaadin/external/google/android-json/0.0.20131108.vaadin1/android-json-0.0.20131108.vaadin1.jar!/org/json/JSONObject.class
	jar:file:/C:/Users/DREEK/.m2/repository/org/json/json/20240205/json-20240205.jar!/org/json/JSONObject.class

You may wish to exclude one of them to ensure predictable runtime behavior

2024-11-16T19:36:35.995+01:00  INFO 11220 --- [           main] c.s.delivr.DelivrApiApplicationTests     : Starting DelivrApiApplicationTests using Java 17.0.3.1 with PID 11220 (started by DREEK in C:\Users\DREEK\Documents\delivr-api)
2024-11-16T19:36:35.999+01:00  INFO 11220 --- [           main] c.s.delivr.DelivrApiApplicationTests     : The following 1 profile is active: "local"
2024-11-16T19:36:40.344+01:00  INFO 11220 --- [           main] .s.d.r.c.RepositoryConfigurationDelegate : Bootstrapping Spring Data JPA repositories in DEFAULT mode.
2024-11-16T19:36:40.636+01:00  INFO 11220 --- [           main] .s.d.r.c.RepositoryConfigurationDelegate : Finished Spring Data repository scanning in 265 ms. Found 16 JPA repository interfaces.
2024-11-16T19:36:41.358+01:00  INFO 11220 --- [           main] o.s.cloud.context.scope.GenericScope     : BeanFactory id=3521c6c3-477a-333c-943f-b280c8939e08
2024-11-16T19:36:42.823+01:00  INFO 11220 --- [           main] com.zaxxer.hikari.HikariDataSource       : HikariPool-1 - Starting...
2024-11-16T19:36:43.345+01:00  INFO 11220 --- [           main] com.zaxxer.hikari.pool.HikariPool        : HikariPool-1 - Added connection org.postgresql.jdbc.PgConnection@5d74507c
2024-11-16T19:36:43.349+01:00  INFO 11220 --- [           main] com.zaxxer.hikari.HikariDataSource       : HikariPool-1 - Start completed.
2024-11-16T19:36:43.733+01:00  INFO 11220 --- [           main] o.f.c.internal.license.VersionPrinter    : Flyway Community Edition 9.22.3 by Redgate
2024-11-16T19:36:43.734+01:00  INFO 11220 --- [           main] o.f.c.internal.license.VersionPrinter    : See release notes here: https://rd.gt/416ObMi
2024-11-16T19:36:43.734+01:00  INFO 11220 --- [           main] o.f.c.internal.license.VersionPrinter    : 
2024-11-16T19:36:43.803+01:00  INFO 11220 --- [           main] org.flywaydb.core.FlywayExecutor         : Database: jdbc:postgresql://localhost:9000/delivr_db (PostgreSQL 14.8)
2024-11-16T19:36:44.082+01:00  INFO 11220 --- [           main] o.f.core.internal.command.DbValidate     : Successfully validated 37 migrations (execution time 00:00.221s)
2024-11-16T19:36:44.107+01:00  INFO 11220 --- [           main] o.f.core.internal.command.DbMigrate      : Current version of schema "public": 1.1.5
2024-11-16T19:36:44.115+01:00  INFO 11220 --- [           main] o.f.core.internal.command.DbMigrate      : Schema "public" is up to date. No migration necessary.
2024-11-16T19:36:44.577+01:00  INFO 11220 --- [           main] o.hibernate.jpa.internal.util.LogHelper  : HHH000204: Processing PersistenceUnitInfo [name: default]
2024-11-16T19:36:44.781+01:00  INFO 11220 --- [           main] org.hibernate.Version                    : HHH000412: Hibernate ORM core version 6.4.1.Final
2024-11-16T19:36:44.886+01:00  INFO 11220 --- [           main] o.h.c.internal.RegionFactoryInitiator    : HHH000026: Second-level cache disabled
2024-11-16T19:36:45.608+01:00  INFO 11220 --- [           main] o.s.o.j.p.SpringPersistenceUnitInfo      : No LoadTimeWeaver setup: ignoring JPA class transformer
2024-11-16T19:36:47.132+01:00  WARN 11220 --- [           main] org.hibernate.mapping.RootClass          : HHH000038: Composite-id class does not override equals(): com.seven.delivr.product.favorite.Favorite$FavoriteId
2024-11-16T19:36:47.133+01:00  WARN 11220 --- [           main] org.hibernate.mapping.RootClass          : HHH000038: Composite-id class does not override equals(): com.seven.delivr.order.customer.cart.CartItem$CartItemId
2024-11-16T19:36:49.379+01:00  INFO 11220 --- [           main] o.h.e.t.j.p.i.JtaPlatformInitiator       : HHH000489: No JTA platform available (set 'hibernate.transaction.jta.platform' to enable JTA platform integration)
2024-11-16T19:36:49.387+01:00  INFO 11220 --- [           main] j.LocalContainerEntityManagerFactoryBean : Initialized JPA EntityManagerFactory for persistence unit 'default'
2024-11-16T19:36:50.292+01:00  INFO 11220 --- [           main] o.s.d.j.r.query.QueryEnhancerFactory     : Hibernate is in classpath; If applicable, HQL parser will be used.
2024-11-16T19:36:54.305+01:00  WARN 11220 --- [           main] JpaBaseConfiguration$JpaWebConfiguration : spring.jpa.open-in-view is enabled by default. Therefore, database queries may be performed during view rendering. Explicitly configure spring.jpa.open-in-view to disable this warning
2024-11-16T19:36:55.571+01:00  INFO 11220 --- [           main] o.s.b.a.w.s.WelcomePageHandlerMapping    : Adding welcome page: class path resource [static/index.html]
2024-11-16T19:36:56.779+01:00  INFO 11220 --- [           main] o.s.b.a.e.web.EndpointLinksResolver      : Exposing 16 endpoint(s) beneath base path '/actuator'
2024-11-16T19:36:56.981+01:00  INFO 11220 --- [           main] o.s.s.web.DefaultSecurityFilterChain     : Will secure any request with [org.springframework.security.web.session.DisableEncodeUrlFilter@209aefd1, org.springframework.security.web.context.request.async.WebAsyncManagerIntegrationFilter@70a8c26e, org.springframework.security.web.context.SecurityContextHolderFilter@4506f295, org.springframework.security.web.header.HeaderWriterFilter@304175d6, org.springframework.web.filter.CorsFilter@51f779b2, org.springframework.security.web.authentication.logout.LogoutFilter@3d57b228, com.seven.delivr.configuration.JwtAuthenticationFilter$$SpringCGLIB$$0@7e2f0c2e, org.springframework.security.web.savedrequest.RequestCacheAwareFilter@40ac1dcb, org.springframework.security.web.servletapi.SecurityContextHolderAwareRequestFilter@318f2e9d, org.springframework.security.web.authentication.AnonymousAuthenticationFilter@797cfaa1, org.springframework.security.web.session.SessionManagementFilter@7046bea1, org.springframework.security.web.access.ExceptionTranslationFilter@18bbd4a, org.springframework.security.web.access.intercept.AuthorizationFilter@578ce232]
2024-11-16T19:36:58.910+01:00  INFO 11220 --- [           main] c.s.delivr.DelivrApiApplicationTests     : Started DelivrApiApplicationTests in 23.895 seconds (process running for 26.444)
]]></system-out>
  </testcase>
</testsuite>