<?xml version="1.0" encoding="UTF-8"?>
<testsuite xmlns:xsi="http://www.w3.org/2001/XMLSchema-instance" xsi:noNamespaceSchemaLocation="https://maven.apache.org/surefire/maven-surefire-plugin/xsd/surefire-test-report-3.0.xsd" version="3.0" name="com.seven.delivr.DelivrApplicationTests" time="21.849" tests="1" errors="0" skipped="0" failures="0">
  <properties>
[...]
</properties>
  <testcase name="contextLoads" classname="com.seven.delivr.DelivrApplicationTests" time="0.611">
    <system-out><![CDATA[14:57:12.182 [main] INFO org.springframework.test.context.support.AnnotationConfigContextLoaderUtils -- Could not detect default configuration classes for test class [com.seven.delivr.DelivrApplicationTests]: DelivrApplicationTests does not declare any static, non-private, non-final, nested classes annotated with @Configuration.
14:57:12.291 [main] INFO org.springframework.boot.test.context.SpringBootTestContextBootstrapper -- Found @SpringBootConfiguration com.seven.delivr.DelivrApplication for test class com.seven.delivr.DelivrApplicationTests
14:57:12.572 [main] INFO org.springframework.boot.devtools.restart.RestartApplicationListener -- Restart disabled due to context in which it is running

  .   ____          _            __ _ _
 /\\ / ___'_ __ _ _(_)_ __  __ _ \ \ \ \
( ( )\___ | '_ | '_| | '_ \/ _` | \ \ \ \
 \\/  ___)| |_)| | | | | || (_| |  ) ) ) )
  '  |____| .__|_| |_|_| |_\__, | / / / /
 =========|_|==============|___/=/_/_/_/
 :: Spring Boot ::                (v3.2.2)

2025-03-12T14:57:12.977+01:00  WARN 9456 --- [           main] ory$DuplicateJsonObjectContextCustomizer : 

Found multiple occurrences of org.json.JSONObject on the class path:

	jar:file:/C:/Users/emeliec/.m2/repository/com/vaadin/external/google/android-json/0.0.20131108.vaadin1/android-json-0.0.20131108.vaadin1.jar!/org/json/JSONObject.class
	jar:file:/C:/Users/emeliec/.m2/repository/org/json/json/20240205/json-20240205.jar!/org/json/JSONObject.class

You may wish to exclude one of them to ensure predictable runtime behavior

2025-03-12T14:57:12.993+01:00  INFO 9456 --- [           main] c.seven.delivr.DelivrApplicationTests    : Starting DelivrApplicationTests using Java 17.0.12 with PID 9456 (started by Emeliec in C:\Users\emeliec\Documents\dr33k\delivr)
2025-03-12T14:57:12.993+01:00  INFO 9456 --- [           main] c.seven.delivr.DelivrApplicationTests    : The following 1 profile is active: "local"
2025-03-12T14:57:15.741+01:00  INFO 9456 --- [           main] .s.d.r.c.RepositoryConfigurationDelegate : Bootstrapping Spring Data JPA repositories in DEFAULT mode.
2025-03-12T14:57:15.915+01:00  INFO 9456 --- [           main] .s.d.r.c.RepositoryConfigurationDelegate : Finished Spring Data repository scanning in 153 ms. Found 16 JPA repository interfaces.
2025-03-12T14:57:16.587+01:00  INFO 9456 --- [           main] o.s.cloud.context.scope.GenericScope     : BeanFactory id=ba9a8687-abd5-3026-9ade-15ccc46b9570
2025-03-12T14:57:17.958+01:00  INFO 9456 --- [           main] com.zaxxer.hikari.HikariDataSource       : HikariPool-1 - Starting...
2025-03-12T14:57:18.842+01:00  INFO 9456 --- [           main] com.zaxxer.hikari.pool.HikariPool        : HikariPool-1 - Added connection org.postgresql.jdbc.PgConnection@2890e479
2025-03-12T14:57:18.858+01:00  INFO 9456 --- [           main] com.zaxxer.hikari.HikariDataSource       : HikariPool-1 - Start completed.
2025-03-12T14:57:19.158+01:00  INFO 9456 --- [           main] o.f.c.internal.license.VersionPrinter    : Flyway Community Edition 9.22.3 by Redgate
2025-03-12T14:57:19.158+01:00  INFO 9456 --- [           main] o.f.c.internal.license.VersionPrinter    : See release notes here: https://rd.gt/416ObMi
2025-03-12T14:57:19.158+01:00  INFO 9456 --- [           main] o.f.c.internal.license.VersionPrinter    : 
2025-03-12T14:57:19.275+01:00  INFO 9456 --- [           main] org.flywaydb.core.FlywayExecutor         : Database: jdbc:postgresql://localhost:5432/delivr_db (PostgreSQL 15.7)
2025-03-12T14:57:19.474+01:00  INFO 9456 --- [           main] o.f.core.internal.command.DbValidate     : Successfully validated 37 migrations (execution time 00:00.144s)
2025-03-12T14:57:19.508+01:00  INFO 9456 --- [           main] o.f.core.internal.command.DbMigrate      : Current version of schema "public": 1.1.5
2025-03-12T14:57:19.541+01:00  INFO 9456 --- [           main] o.f.core.internal.command.DbMigrate      : Schema "public" is up to date. No migration necessary.
2025-03-12T14:57:20.077+01:00  INFO 9456 --- [           main] o.hibernate.jpa.internal.util.LogHelper  : HHH000204: Processing PersistenceUnitInfo [name: default]
2025-03-12T14:57:20.328+01:00  INFO 9456 --- [           main] org.hibernate.Version                    : HHH000412: Hibernate ORM core version 6.4.1.Final
2025-03-12T14:57:20.391+01:00  INFO 9456 --- [           main] o.h.c.internal.RegionFactoryInitiator    : HHH000026: Second-level cache disabled
2025-03-12T14:57:20.631+01:00  INFO 9456 --- [           main] o.s.o.j.p.SpringPersistenceUnitInfo      : No LoadTimeWeaver setup: ignoring JPA class transformer
2025-03-12T14:57:21.408+01:00  WARN 9456 --- [           main] org.hibernate.mapping.RootClass          : HHH000038: Composite-id class does not override equals(): com.seven.delivr.product.favorite.Favorite$FavoriteId
2025-03-12T14:57:21.408+01:00  WARN 9456 --- [           main] org.hibernate.mapping.RootClass          : HHH000038: Composite-id class does not override equals(): com.seven.delivr.order.customer.cart.CartItem$CartItemId
2025-03-12T14:57:22.693+01:00  INFO 9456 --- [           main] o.h.e.t.j.p.i.JtaPlatformInitiator       : HHH000489: No JTA platform available (set 'hibernate.transaction.jta.platform' to enable JTA platform integration)
2025-03-12T14:57:22.698+01:00  INFO 9456 --- [           main] j.LocalContainerEntityManagerFactoryBean : Initialized JPA EntityManagerFactory for persistence unit 'default'
2025-03-12T14:57:24.177+01:00  INFO 9456 --- [           main] o.s.d.j.r.query.QueryEnhancerFactory     : Hibernate is in classpath; If applicable, HQL parser will be used.
2025-03-12T14:57:28.213+01:00  WARN 9456 --- [           main] JpaBaseConfiguration$JpaWebConfiguration : spring.jpa.open-in-view is enabled by default. Therefore, database queries may be performed during view rendering. Explicitly configure spring.jpa.open-in-view to disable this warning
2025-03-12T14:57:29.554+01:00  INFO 9456 --- [           main] o.s.b.a.w.s.WelcomePageHandlerMapping    : Adding welcome page: class path resource [static/index.html]
2025-03-12T14:57:31.030+01:00  INFO 9456 --- [           main] o.s.b.a.e.web.EndpointLinksResolver      : Exposing 16 endpoint(s) beneath base path '/actuator'
2025-03-12T14:57:31.255+01:00  INFO 9456 --- [           main] o.s.s.web.DefaultSecurityFilterChain     : Will secure any request with [org.springframework.security.web.session.DisableEncodeUrlFilter@385936f3, org.springframework.security.web.context.request.async.WebAsyncManagerIntegrationFilter@6fbdee75, org.springframework.security.web.context.SecurityContextHolderFilter@7e95bbbb, org.springframework.security.web.header.HeaderWriterFilter@4506f295, org.springframework.web.filter.CorsFilter@3e00d115, org.springframework.security.web.authentication.logout.LogoutFilter@c2c1622, com.seven.delivr.configuration.JwtAuthenticationFilter$$SpringCGLIB$$0@71da2e9e, org.springframework.security.web.savedrequest.RequestCacheAwareFilter@30e3ca4a, org.springframework.security.web.servletapi.SecurityContextHolderAwareRequestFilter@72fb8a1d, org.springframework.security.web.authentication.AnonymousAuthenticationFilter@2c8c4afb, org.springframework.security.web.session.SessionManagementFilter@50a7dc25, org.springframework.security.web.access.ExceptionTranslationFilter@704091b4, org.springframework.security.web.access.intercept.AuthorizationFilter@4f774a14]
2025-03-12T14:57:33.154+01:00  INFO 9456 --- [           main] c.seven.delivr.DelivrApplicationTests    : Started DelivrApplicationTests in 20.613 seconds (process running for 21.803)
]]></system-out>
  </testcase>
</testsuite>